[2019-11-23 23:34:57] local.ERROR: Invalid route action: [App\Http\Controllers\]. {"exception":"[object] (UnexpectedValueException(code: 0): Invalid route action: [App\\Http\\Controllers\\]. at C:\\xampp\\htdocs\\hospital_58\\vendor\\laravel\\framework\\src\\Illuminate\\Routing\\RouteAction.php:89)
[stacktrace]
#0 C:\\xampp\\htdocs\\hospital_58\\vendor\\laravel\\framework\\src\\Illuminate\\Routing\\RouteAction.php(46): Illuminate\\Routing\\RouteAction::makeInvokable('App\\\\Http\\\\Contro...')
#1 C:\\xampp\\htdocs\\hospital_58\\vendor\\laravel\\framework\\src\\Illuminate\\Routing\\Route.php(162): Illuminate\\Routing\\RouteAction::parse('home', Array)
#2 C:\\xampp\\htdocs\\hospital_58\\vendor\\laravel\\framework\\src\\Illuminate\\Routing\\Route.php(141): Illuminate\\Routing\\Route->parseAction(Array)
#3 C:\\xampp\\htdocs\\hospital_58\\vendor\\laravel\\framework\\src\\Illuminate\\Routing\\Router.php(547): Illuminate\\Routing\\Route->__construct(Array, 'home', Array)
#4 C:\\xampp\\htdocs\\hospital_58\\vendor\\laravel\\framework\\src\\Illuminate\\Routing\\Router.php(466): Illuminate\\Routing\\Router->newRoute(Array, 'home', Array)
#5 C:\\xampp\\htdocs\\hospital_58\\vendor\\laravel\\framework\\src\\Illuminate\\Routing\\Router.php(445): Illuminate\\Routing\\Router->createRoute(Array, 'home', Array)
#6 C:\\xampp\\htdocs\\hospital_58\\vendor\\laravel\\framework\\src\\Illuminate\\Routing\\Router.php(144): Illuminate\\Routing\\Router->addRoute(Array, 'home', '')
#7 C:\\xampp\\htdocs\\hospital_58\\vendor\\laravel\\framework\\src\\Illuminate\\Support\\Facades\\Facade.php(239): Illuminate\\Routing\\Router->get('home', '')
#8 C:\\xampp\\htdocs\\hospital_58\outes\\web.php(18): Illuminate\\Support\\Facades\\Facade::__callStatic('get', Array)
#9 C:\\xampp\\htdocs\\hospital_58\\vendor\\laravel\\framework\\src\\Illuminate\\Routing\\RouteFileRegistrar.php(35): require('C:\\\\xampp\\\\htdocs...')
#10 C:\\xampp\\htdocs\\hospital_58\\vendor\\laravel\\framework\\src\\Illuminate\\Routing\\Router.php(415): Illuminate\\Routing\\RouteFileRegistrar->register('C:\\\\xampp\\\\htdocs...')
#11 C:\\xampp\\htdocs\\hospital_58\\vendor\\laravel\\framework\\src\\Illuminate\\Routing\\Router.php(373): Illuminate\\Routing\\Router->loadRoutes('C:\\\\xampp\\\\htdocs...')
#12 C:\\xampp\\htdocs\\hospital_58\\vendor\\laravel\\framework\\src\\Illuminate\\Routing\\RouteRegistrar.php(121): Illuminate\\Routing\\Router->group(Array, 'C:\\\\xampp\\\\htdocs...')
#13 C:\\xampp\\htdocs\\hospital_58\\app\\Providers\\RouteServiceProvider.php(56): Illuminate\\Routing\\RouteRegistrar->group('C:\\\\xampp\\\\htdocs...')
#14 C:\\xampp\\htdocs\\hospital_58\\app\\Providers\\RouteServiceProvider.php(40): App\\Providers\\RouteServiceProvider->mapWebRoutes()
#15 [internal function]: App\\Providers\\RouteServiceProvider->map()
#16 C:\\xampp\\htdocs\\hospital_58\\vendor\\laravel\\framework\\src\\Illuminate\\Container\\BoundMethod.php(32): call_user_func_array(Array, Array)
#17 C:\\xampp\\htdocs\\hospital_58\\vendor\\laravel\\framework\\src\\Illuminate\\Container\\BoundMethod.php(90): Illuminate\\Container\\BoundMethod::Illuminate\\Container\\{closure}()
#18 C:\\xampp\\htdocs\\hospital_58\\vendor\\laravel\\framework\\src\\Illuminate\\Container\\BoundMethod.php(34): Illuminate\\Container\\BoundMethod::callBoundMethod(Object(Illuminate\\Foundation\\Application), Array, Object(Closure))
#19 C:\\xampp\\htdocs\\hospital_58\\vendor\\laravel\\framework\\src\\Illuminate\\Container\\Container.php(576): Illuminate\\Container\\BoundMethod::call(Object(Illuminate\\Foundation\\Application), Array, Array, NULL)
#20 C:\\xampp\\htdocs\\hospital_58\\vendor\\laravel\\framework\\src\\Illuminate\\Foundation\\Support\\Providers\\RouteServiceProvider.php(87): Illuminate\\Container\\Container->call(Array)
#21 C:\\xampp\\htdocs\\hospital_58\\vendor\\laravel\\framework\\src\\Illuminate\\Foundation\\Support\\Providers\\RouteServiceProvider.php(36): Illuminate\\Foundation\\Support\\Providers\\RouteServiceProvider->loadRoutes()
#22 C:\\xampp\\htdocs\\hospital_58\\app\\Providers\\RouteServiceProvider.php(28): Illuminate\\Foundation\\Support\\Providers\\RouteServiceProvider->boot()
#23 [internal function]: App\\Providers\\RouteServiceProvider->boot()
#24 C:\\xampp\\htdocs\\hospital_58\\vendor\\laravel\\framework\\src\\Illuminate\\Container\\BoundMethod.php(32): call_user_func_array(Array, Array)
#25 C:\\xampp\\htdocs\\hospital_58\\vendor\\laravel\\framework\\src\\Illuminate\\Container\\BoundMethod.php(90): Illuminate\\Container\\BoundMethod::Illuminate\\Container\\{closure}()
#26 C:\\xampp\\htdocs\\hospital_58\\vendor\\laravel\\framework\\src\\Illuminate\\Container\\BoundMethod.php(34): Illuminate\\Container\\BoundMethod::callBoundMethod(Object(Illuminate\\Foundation\\Application), Array, Object(Closure))
#27 C:\\xampp\\htdocs\\hospital_58\\vendor\\laravel\\framework\\src\\Illuminate\\Container\\Container.php(576): Illuminate\\Container\\BoundMethod::call(Object(Illuminate\\Foundation\\Application), Array, Array, NULL)
#28 C:\\xampp\\htdocs\\hospital_58\\vendor\\laravel\\framework\\src\\Illuminate\\Foundation\\Application.php(827): Illuminate\\Container\\Container->call(Array)
#29 C:\\xampp\\htdocs\\hospital_58\\vendor\\laravel\\framework\\src\\Illuminate\\Foundation\\Application.php(810): Illuminate\\Foundation\\Application->bootProvider(Object(App\\Providers\\RouteServiceProvider))
#30 [internal function]: Illuminate\\Foundation\\Application->Illuminate\\Foundation\\{closure}(Object(App\\Providers\\RouteServiceProvider), 20)
#31 C:\\xampp\\htdocs\\hospital_58\\vendor\\laravel\\framework\\src\\Illuminate\\Foundation\\Application.php(811): array_walk(Array, Object(Closure))
#32 C:\\xampp\\htdocs\\hospital_58\\vendor\\laravel\\framework\\src\\Illuminate\\Foundation\\Bootstrap\\BootProviders.php(17): Illuminate\\Foundation\\Application->boot()
#33 C:\\xampp\\htdocs\\hospital_58\\vendor\\laravel\\framework\\src\\Illuminate\\Foundation\\Application.php(210): Illuminate\\Foundation\\Bootstrap\\BootProviders->bootstrap(Object(Illuminate\\Foundation\\Application))
#34 C:\\xampp\\htdocs\\hospital_58\\vendor\\laravel\\framework\\src\\Illuminate\\Foundation\\Console\\Kernel.php(322): Illuminate\\Foundation\\Application->bootstrapWith(Array)
#35 C:\\xampp\\htdocs\\hospital_58\\vendor\\laravel\\framework\\src\\Illuminate\\Foundation\\Console\\Kernel.php(131): Illuminate\\Foundation\\Console\\Kernel->bootstrap()
#36 C:\\xampp\\htdocs\\hospital_58\\artisan(37): Illuminate\\Foundation\\Console\\Kernel->handle(Object(Symfony\\Component\\Console\\Input\\ArgvInput), Object(Symfony\\Component\\Console\\Output\\ConsoleOutput))
#37 {main}
"} 
[2019-11-23 23:36:30] local.ERROR: Invalid route action: [App\Http\Controllers\]. {"exception":"[object] (UnexpectedValueException(code: 0): Invalid route action: [App\\Http\\Controllers\\]. at C:\\xampp\\htdocs\\hospital_58\\vendor\\laravel\\framework\\src\\Illuminate\\Routing\\RouteAction.php:89)
[stacktrace]
#0 C:\\xampp\\htdocs\\hospital_58\\vendor\\laravel\\framework\\src\\Illuminate\\Routing\\RouteAction.php(46): Illuminate\\Routing\\RouteAction::makeInvokable('App\\\\Http\\\\Contro...')
#1 C:\\xampp\\htdocs\\hospital_58\\vendor\\laravel\\framework\\src\\Illuminate\\Routing\\Route.php(162): Illuminate\\Routing\\RouteAction::parse('home', Array)
#2 C:\\xampp\\htdocs\\hospital_58\\vendor\\laravel\\framework\\src\\Illuminate\\Routing\\Route.php(141): Illuminate\\Routing\\Route->parseAction(Array)
#3 C:\\xampp\\htdocs\\hospital_58\\vendor\\laravel\\framework\\src\\Illuminate\\Routing\\Router.php(547): Illuminate\\Routing\\Route->__construct(Array, 'home', Array)
#4 C:\\xampp\\htdocs\\hospital_58\\vendor\\laravel\\framework\\src\\Illuminate\\Routing\\Router.php(466): Illuminate\\Routing\\Router->newRoute(Array, 'home', Array)
#5 C:\\xampp\\htdocs\\hospital_58\\vendor\\laravel\\framework\\src\\Illuminate\\Routing\\Router.php(445): Illuminate\\Routing\\Router->createRoute(Array, 'home', Array)
#6 C:\\xampp\\htdocs\\hospital_58\\vendor\\laravel\\framework\\src\\Illuminate\\Routing\\Router.php(144): Illuminate\\Routing\\Router->addRoute(Array, 'home', '')
#7 C:\\xampp\\htdocs\\hospital_58\\vendor\\laravel\\framework\\src\\Illuminate\\Support\\Facades\\Facade.php(239): Illuminate\\Routing\\Router->get('home', '')
#8 C:\\xampp\\htdocs\\hospital_58\outes\\web.php(18): Illuminate\\Support\\Facades\\Facade::__callStatic('get', Array)
#9 C:\\xampp\\htdocs\\hospital_58\\vendor\\laravel\\framework\\src\\Illuminate\\Routing\\RouteFileRegistrar.php(35): require('C:\\\\xampp\\\\htdocs...')
#10 C:\\xampp\\htdocs\\hospital_58\\vendor\\laravel\\framework\\src\\Illuminate\\Routing\\Router.php(415): Illuminate\\Routing\\RouteFileRegistrar->register('C:\\\\xampp\\\\htdocs...')
#11 C:\\xampp\\htdocs\\hospital_58\\vendor\\laravel\\framework\\src\\Illuminate\\Routing\\Router.php(373): Illuminate\\Routing\\Router->loadRoutes('C:\\\\xampp\\\\htdocs...')
#12 C:\\xampp\\htdocs\\hospital_58\\vendor\\laravel\\framework\\src\\Illuminate\\Routing\\RouteRegistrar.php(121): Illuminate\\Routing\\Router->group(Array, 'C:\\\\xampp\\\\htdocs...')
#13 C:\\xampp\\htdocs\\hospital_58\\app\\Providers\\RouteServiceProvider.php(56): Illuminate\\Routing\\RouteRegistrar->group('C:\\\\xampp\\\\htdocs...')
#14 C:\\xampp\\htdocs\\hospital_58\\app\\Providers\\RouteServiceProvider.php(40): App\\Providers\\RouteServiceProvider->mapWebRoutes()
#15 [internal function]: App\\Providers\\RouteServiceProvider->map()
#16 C:\\xampp\\htdocs\\hospital_58\\vendor\\laravel\\framework\\src\\Illuminate\\Container\\BoundMethod.php(32): call_user_func_array(Array, Array)
#17 C:\\xampp\\htdocs\\hospital_58\\vendor\\laravel\\framework\\src\\Illuminate\\Container\\BoundMethod.php(90): Illuminate\\Container\\BoundMethod::Illuminate\\Container\\{closure}()
#18 C:\\xampp\\htdocs\\hospital_58\\vendor\\laravel\\framework\\src\\Illuminate\\Container\\BoundMethod.php(34): Illuminate\\Container\\BoundMethod::callBoundMethod(Object(Illuminate\\Foundation\\Application), Array, Object(Closure))
#19 C:\\xampp\\htdocs\\hospital_58\\vendor\\laravel\\framework\\src\\Illuminate\\Container\\Container.php(576): Illuminate\\Container\\BoundMethod::call(Object(Illuminate\\Foundation\\Application), Array, Array, NULL)
#20 C:\\xampp\\htdocs\\hospital_58\\vendor\\laravel\\framework\\src\\Illuminate\\Foundation\\Support\\Providers\\RouteServiceProvider.php(87): Illuminate\\Container\\Container->call(Array)
#21 C:\\xampp\\htdocs\\hospital_58\\vendor\\laravel\\framework\\src\\Illuminate\\Foundation\\Support\\Providers\\RouteServiceProvider.php(36): Illuminate\\Foundation\\Support\\Providers\\RouteServiceProvider->loadRoutes()
#22 C:\\xampp\\htdocs\\hospital_58\\app\\Providers\\RouteServiceProvider.php(28): Illuminate\\Foundation\\Support\\Providers\\RouteServiceProvider->boot()
#23 [internal function]: App\\Providers\\RouteServiceProvider->boot()
#24 C:\\xampp\\htdocs\\hospital_58\\vendor\\laravel\\framework\\src\\Illuminate\\Container\\BoundMethod.php(32): call_user_func_array(Array, Array)
#25 C:\\xampp\\htdocs\\hospital_58\\vendor\\laravel\\framework\\src\\Illuminate\\Container\\BoundMethod.php(90): Illuminate\\Container\\BoundMethod::Illuminate\\Container\\{closure}()
#26 C:\\xampp\\htdocs\\hospital_58\\vendor\\laravel\\framework\\src\\Illuminate\\Container\\BoundMethod.php(34): Illuminate\\Container\\BoundMethod::callBoundMethod(Object(Illuminate\\Foundation\\Application), Array, Object(Closure))
#27 C:\\xampp\\htdocs\\hospital_58\\vendor\\laravel\\framework\\src\\Illuminate\\Container\\Container.php(576): Illuminate\\Container\\BoundMethod::call(Object(Illuminate\\Foundation\\Application), Array, Array, NULL)
#28 C:\\xampp\\htdocs\\hospital_58\\vendor\\laravel\\framework\\src\\Illuminate\\Foundation\\Application.php(827): Illuminate\\Container\\Container->call(Array)
#29 C:\\xampp\\htdocs\\hospital_58\\vendor\\laravel\\framework\\src\\Illuminate\\Foundation\\Application.php(810): Illuminate\\Foundation\\Application->bootProvider(Object(App\\Providers\\RouteServiceProvider))
#30 [internal function]: Illuminate\\Foundation\\Application->Illuminate\\Foundation\\{closure}(Object(App\\Providers\\RouteServiceProvider), 20)
#31 C:\\xampp\\htdocs\\hospital_58\\vendor\\laravel\\framework\\src\\Illuminate\\Foundation\\Application.php(811): array_walk(Array, Object(Closure))
#32 C:\\xampp\\htdocs\\hospital_58\\vendor\\laravel\\framework\\src\\Illuminate\\Foundation\\Bootstrap\\BootProviders.php(17): Illuminate\\Foundation\\Application->boot()
#33 C:\\xampp\\htdocs\\hospital_58\\vendor\\laravel\\framework\\src\\Illuminate\\Foundation\\Application.php(210): Illuminate\\Foundation\\Bootstrap\\BootProviders->bootstrap(Object(Illuminate\\Foundation\\Application))
#34 C:\\xampp\\htdocs\\hospital_58\\vendor\\laravel\\framework\\src\\Illuminate\\Foundation\\Console\\Kernel.php(322): Illuminate\\Foundation\\Application->bootstrapWith(Array)
#35 C:\\xampp\\htdocs\\hospital_58\\vendor\\laravel\\framework\\src\\Illuminate\\Foundation\\Console\\Kernel.php(131): Illuminate\\Foundation\\Console\\Kernel->bootstrap()
#36 C:\\xampp\\htdocs\\hospital_58\\artisan(37): Illuminate\\Foundation\\Console\\Kernel->handle(Object(Symfony\\Component\\Console\\Input\\ArgvInput), Object(Symfony\\Component\\Console\\Output\\ConsoleOutput))
#37 {main}
"} 
